<?xml version="1.0" encoding="UTF-8"?>
<coverage generated="1768549425797" clover="3.2.0">
  <project timestamp="1768549425797" name="All files">
    <metrics statements="19" coveredstatements="19" conditionals="3" coveredconditionals="3" methods="10" coveredmethods="10" elements="32" coveredelements="32" complexity="0" loc="19" ncloc="19" packages="1" files="1" classes="1"/>
    <file name="Matcher.ts" path="/Users/anilthakur/Desktop/projects/js/js-match/src/Matcher.ts">
      <metrics statements="19" coveredstatements="19" conditionals="3" coveredconditionals="3" methods="10" coveredmethods="10"/>
      <line num="5" count="11" type="stmt"/>
      <line num="6" count="11" type="stmt"/>
      <line num="22" count="153" type="stmt"/>
      <line num="26" count="153" type="stmt"/>
      <line num="36" count="423" type="stmt"/>
      <line num="37" count="423" type="stmt"/>
      <line num="48" count="33" type="stmt"/>
      <line num="49" count="15" type="stmt"/>
      <line num="59" count="124" type="stmt"/>
      <line num="60" count="124" type="stmt"/>
      <line num="67" count="19" type="stmt"/>
      <line num="76" count="20" type="stmt"/>
      <line num="80" count="144" type="cond" truecount="2" falsecount="0"/>
      <line num="81" count="97" type="stmt"/>
      <line num="82" count="47" type="cond" truecount="1" falsecount="0"/>
      <line num="83" count="45" type="stmt"/>
      <line num="85" count="2" type="stmt"/>
      <line num="101" count="143" type="stmt"/>
      <line num="104" count="4" type="stmt"/>
    </file>
  </project>
</coverage>
