<?xml version="1.0" encoding="UTF-8"?>
<coverage generated="1747363950427" clover="3.2.0">
  <project timestamp="1747363950427" name="All files">
    <metrics statements="22" coveredstatements="21" conditionals="5" coveredconditionals="5" methods="7" coveredmethods="7" elements="34" coveredelements="33" complexity="0" loc="22" ncloc="22" packages="1" files="1" classes="1"/>
    <file name="Matcher.ts" path="/Users/anilthakur/Desktop/projects/js/js-match/src/Matcher.ts">
      <metrics statements="22" coveredstatements="21" conditionals="5" coveredconditionals="5" methods="7" coveredmethods="7"/>
      <line num="5" count="3" type="stmt"/>
      <line num="6" count="3" type="stmt"/>
      <line num="11" count="95" type="stmt"/>
      <line num="12" count="95" type="stmt"/>
      <line num="13" count="95" type="stmt"/>
      <line num="14" count="95" type="stmt"/>
      <line num="17" count="95" type="stmt"/>
      <line num="21" count="325" type="stmt"/>
      <line num="22" count="325" type="stmt"/>
      <line num="23" count="325" type="stmt"/>
      <line num="27" count="94" type="stmt"/>
      <line num="28" count="94" type="cond" truecount="2" falsecount="0"/>
      <line num="29" count="91" type="stmt"/>
      <line num="31" count="3" type="stmt"/>
      <line num="36" count="92" type="cond" truecount="2" falsecount="0"/>
      <line num="37" count="67" type="stmt"/>
      <line num="38" count="25" type="cond" truecount="1" falsecount="0"/>
      <line num="39" count="25" type="stmt"/>
      <line num="41" count="0" type="stmt"/>
      <line num="45" count="1" type="stmt"/>
      <line num="50" count="95" type="stmt"/>
      <line num="53" count="3" type="stmt"/>
    </file>
  </project>
</coverage>
