TN:
SF:src/Matcher.ts
FN:4,(anonymous_0)
FN:16,(anonymous_1)
FN:20,(anonymous_2)
FN:26,(anonymous_3)
FN:35,(anonymous_4)
FN:44,(anonymous_5)
FN:49,match
FNF:7
FNH:7
FNDA:3,(anonymous_0)
FNDA:95,(anonymous_1)
FNDA:325,(anonymous_2)
FNDA:94,(anonymous_3)
FNDA:92,(anonymous_4)
FNDA:1,(anonymous_5)
FNDA:95,match
DA:5,3
DA:6,3
DA:11,95
DA:12,95
DA:13,95
DA:14,95
DA:17,95
DA:21,325
DA:22,325
DA:23,325
DA:27,94
DA:28,94
DA:29,91
DA:31,3
DA:36,92
DA:37,67
DA:38,25
DA:39,25
DA:41,0
DA:45,1
DA:50,95
DA:53,3
LF:22
LH:21
BRDA:28,0,0,91
BRDA:28,0,1,3
BRDA:36,1,0,67
BRDA:36,1,1,25
BRDA:38,2,0,25
BRF:5
BRH:5
end_of_record
