TN:
SF:src/Matcher.ts
FN:4,(anonymous_0)
FN:25,(anonymous_1)
FN:35,(anonymous_2)
FN:47,(anonymous_3)
FN:48,(anonymous_4)
FN:58,(anonymous_5)
FN:66,(anonymous_6)
FN:75,(anonymous_7)
FN:79,(anonymous_8)
FN:100,match
FNF:10
FNH:10
FNDA:11,(anonymous_0)
FNDA:153,(anonymous_1)
FNDA:423,(anonymous_2)
FNDA:15,(anonymous_3)
FNDA:33,(anonymous_4)
FNDA:124,(anonymous_5)
FNDA:19,(anonymous_6)
FNDA:20,(anonymous_7)
FNDA:144,(anonymous_8)
FNDA:143,match
DA:5,11
DA:6,11
DA:22,153
DA:26,153
DA:36,423
DA:37,423
DA:48,33
DA:49,15
DA:59,124
DA:60,124
DA:67,19
DA:76,20
DA:80,144
DA:81,97
DA:82,47
DA:83,45
DA:85,2
DA:101,143
DA:104,4
LF:19
LH:19
BRDA:80,0,0,97
BRDA:80,0,1,47
BRDA:82,1,0,45
BRF:3
BRH:3
end_of_record
